
=== 游戏启动 2026-04-15T15:43:40 ===

=== 游戏启动 2026-04-15T15:43:47 ===

=== 游戏启动 2026-04-15T15:44:46 ===

=== 游戏启动 2026-04-15T16:01:38 ===

=== 游戏启动 2026-04-15T16:02:33 ===

=== 游戏启动 2026-04-15T16:03:58 ===

=== 游戏启动 2026-04-15T16:07:26 ===

=== 游戏启动 2026-04-15T16:09:36 ===

=== 游戏启动 2026-04-15T16:13:17 ===
16:13:17 [INF] [MainMenu] 主菜单加载完成
16:13:25 [INF] [MainMenu] 主菜单加载完成

=== 游戏启动 2026-04-15T16:13:35 ===
16:13:35 [INF] [MainMenu] 主菜单加载完成
16:30:09 [INF] [MainMenu] 主菜单加载完成

=== 游戏启动 2026-04-15T16:36:53 ===

=== 游戏启动 2026-04-15T16:38:19 ===

=== 游戏启动 2026-04-15T16:45:27 ===
16:45:27 [INF] [MainMenu] 主菜单加载完成
16:45:33 [INF] [MainMenu] 主菜单加载完成
16:45:38 [INF] [GameState] 新局开始：程天锋  HP=60
16:45:38 [INF] [GameMap] 地图加载完成

=== 游戏启动 2026-04-15T16:47:32 ===
16:47:32 [INF] [MainMenu] 主菜单加载完成
16:47:34 [INF] [GameState] 新局开始：程天锋  HP=60
16:47:34 [INF] [GameMap] 地图加载完成
16:47:37 [INF] [Battle] ═══ 战斗开始 ═══
16:47:37 [INF] [Battle] 对手：疯修·残躯  HP 28
16:47:37 [INF] [Battle]   手牌 5 张

=== 游戏启动 2026-04-15T17:01:53 ===

=== 游戏启动 2026-04-15T17:03:55 ===
17:03:55 [INF] [MainMenu] 主菜单加载完成
17:03:59 [INF] [GameState] 新局开始：程天锋  HP=60
17:03:59 [INF] [GameMap] 地图加载完成
17:04:01 [INF] [Battle] ═══ 战斗开始 ═══
17:04:01 [INF] [Battle] 对手：疯修·残躯  HP 28
17:04:01 [INF] [Battle]   手牌 5 张
17:04:05 [INF] [Battle] 打出：快剑·劈山
17:04:05 [INF] [Battle]   对敌造成 7 伤害（护体吸收 0，HP --7 → 21）
17:04:06 [INF] [Battle] 打出：快剑·劈山
17:04:06 [INF] [Battle]   对敌造成 7 伤害（护体吸收 0，HP --7 → 14）
17:04:07 [INF] [Battle] 打出：快剑·劈山
17:04:07 [INF] [Battle]   对敌造成 7 伤害（护体吸收 0，HP --7 → 7）
17:04:13 [INF] [Battle] ── 回合结束 ──
17:04:13 [INF] [Battle] 敌人行动：撕咬
17:04:13 [INF] [Battle]   受到 5 伤害（护体吸收 0，HP --5 → 55）
17:04:13 [INF] [Battle] ═══ 第 2 回合 ═══  灵力 +3 → 3
17:04:13 [INF] [Battle]   手牌 1 张
17:04:17 [INF] [Battle] 打出：快剑·劈山
17:04:17 [INF] [Battle]   对敌造成 7 伤害（护体吸收 0，HP --7 → 0）
17:04:17 [INF] [Battle] ══ 战斗胜利 ══
17:04:17 [INF] [GameState] 战斗胜利，HP剩余 55
17:04:19 [INF] [GameMap] 地图加载完成
17:04:20 [INF] [Battle] ═══ 战斗开始 ═══
17:04:20 [INF] [Battle] 对手：疯修·残躯  HP 28
17:04:20 [INF] [Battle]   手牌 5 张
17:04:25 [INF] [Battle] 打出：快剑·劈山
17:04:25 [INF] [Battle]   对敌造成 7 伤害（护体吸收 0，HP --7 → 21）
17:04:26 [INF] [Battle] ── 回合结束 ──
17:04:26 [INF] [Battle] 敌人行动：撕咬
17:04:26 [INF] [Battle]   受到 5 伤害（护体吸收 0，HP --5 → 55）
17:04:26 [INF] [Battle] ═══ 第 2 回合 ═══  灵力 +3 → 3
17:04:26 [INF] [Battle]   手牌 1 张
17:07:32 [INF] [Battle] 打出：快剑·劈山
17:07:32 [INF] [Battle]   对敌造成 7 伤害（护体吸收 0，HP --7 → 14）
17:07:34 [INF] [Battle] ── 回合结束 ──
17:07:34 [INF] [Battle] 敌人行动：疯扑
17:07:34 [INF] [Battle]   受到 8 伤害（护体吸收 0，HP --8 → 47）
17:07:34 [INF] [Battle] ═══ 第 3 回合 ═══  灵力 +3 → 6
17:07:34 [INF] [Battle]   手牌 1 张

=== 游戏启动 2026-04-15T17:07:38 ===
17:07:38 [INF] [MainMenu] 主菜单加载完成
17:07:40 [INF] [GameState] 新局开始：程天锋  HP=60
17:07:40 [INF] [GameMap] 地图加载完成
17:07:42 [INF] [Battle] ═══ 战斗开始 ═══
17:07:42 [INF] [Battle] 对手：疯修·残躯  HP 28
17:07:42 [INF] [Battle]   手牌 5 张
17:07:44 [INF] [Battle] ── 回合结束 ──
17:07:44 [INF] [Battle] 敌人行动：撕咬
17:07:44 [INF] [Battle]   受到 5 伤害（护体吸收 0，HP --5 → 55）
17:07:44 [INF] [Battle] ═══ 第 2 回合 ═══  灵力 +3 → 3
17:07:44 [INF] [Battle]   手牌 6 张
17:07:45 [INF] [Battle] ── 回合结束 ──
17:07:45 [INF] [Battle] 敌人行动：疯扑
17:07:45 [INF] [Battle]   受到 8 伤害（护体吸收 0，HP --8 → 47）
17:07:45 [INF] [Battle] ═══ 第 3 回合 ═══  灵力 +3 → 6
17:07:45 [INF] [Battle]   手牌 7 张
17:07:46 [INF] [Battle] ── 回合结束 ──
17:07:46 [INF] [Battle] 灵力消散 1 → 剩余 5
17:07:46 [INF] [Battle] 敌人行动：撕咬
17:07:46 [INF] [Battle]   受到 5 伤害（护体吸收 0，HP --5 → 42）
17:07:46 [INF] [Battle] ═══ 第 4 回合 ═══  灵力 +3 → 8
17:07:46 [INF] [Battle]   手牌 8 张
17:07:46 [INF] [Battle] ── 回合结束 ──
17:07:46 [INF] [Battle] 灵力消散 1 → 剩余 7
17:07:46 [INF] [Battle] 敌人行动：疯扑
17:07:46 [INF] [Battle]   受到 8 伤害（护体吸收 0，HP --8 → 34）
17:07:46 [INF] [Battle] ═══ 第 5 回合 ═══  灵力 +3 → 10
17:07:46 [INF] [Battle]   手牌 9 张
17:07:46 [INF] [Battle] ── 回合结束 ──
17:07:46 [INF] [Battle] 灵力消散 1 → 剩余 9
17:07:46 [INF] [Battle] 敌人行动：撕咬
17:07:46 [INF] [Battle]   受到 5 伤害（护体吸收 0，HP --5 → 29）
17:07:46 [INF] [Battle] ═══ 第 6 回合 ═══  灵力 +3 → 12
17:07:46 [INF] [Battle]   手牌 10 张
17:07:46 [INF] [Battle] ── 回合结束 ──
17:07:46 [INF] [Battle] 灵力消散 1 → 剩余 11
17:07:46 [INF] [Battle] 敌人行动：疯扑
17:07:46 [INF] [Battle]   受到 8 伤害（护体吸收 0，HP --8 → 21）
17:07:46 [INF] [Battle] ═══ 第 7 回合 ═══  灵力 +3 → 14
17:07:46 [INF] [Battle]   手牌已达上限 (10张)
17:07:46 [INF] [Battle]   手牌 10 张
17:07:46 [INF] [Battle] ── 回合结束 ──
17:07:46 [INF] [Battle] 灵力消散 1 → 剩余 13
17:07:46 [INF] [Battle] 敌人行动：撕咬
17:07:46 [INF] [Battle]   受到 5 伤害（护体吸收 0，HP --5 → 16）
17:07:46 [INF] [Battle] ═══ 第 8 回合 ═══  灵力 +3 → 16
17:07:46 [INF] [Battle]   手牌已达上限 (10张)
17:07:46 [INF] [Battle]   手牌 10 张
17:07:47 [INF] [Battle] ── 回合结束 ──
17:07:47 [INF] [Battle] 灵力消散 2 → 剩余 14
17:07:47 [INF] [Battle] 敌人行动：疯扑
17:07:47 [INF] [Battle]   受到 8 伤害（护体吸收 0，HP --8 → 8）
17:07:47 [INF] [Battle] ═══ 第 9 回合 ═══  灵力 +3 → 17
17:07:47 [INF] [Battle]   手牌已达上限 (10张)
17:07:47 [INF] [Battle]   手牌 10 张
17:07:47 [INF] [Battle] ── 回合结束 ──
17:07:47 [INF] [Battle] 灵力消散 2 → 剩余 15
17:07:47 [INF] [Battle] 敌人行动：撕咬
17:07:47 [INF] [Battle]   受到 5 伤害（护体吸收 0，HP --5 → 3）
17:07:47 [INF] [Battle] ═══ 第 10 回合 ═══  灵力 +3 → 18
17:07:47 [INF] [Battle]   手牌已达上限 (10张)
17:07:47 [INF] [Battle]   手牌 10 张
17:07:47 [INF] [Battle] ── 回合结束 ──
17:07:47 [INF] [Battle] 灵力消散 2 → 剩余 16
17:07:47 [INF] [Battle] 敌人行动：疯扑
17:07:47 [INF] [Battle]   受到 8 伤害（护体吸收 0，HP --8 → 0）
17:07:47 [INF] [Battle] ══ 战斗失败 ══
17:07:48 [INF] [MainMenu] 主菜单加载完成
17:07:51 [INF] [GameState] 新局开始：程天锋  HP=60
17:07:51 [INF] [GameMap] 地图加载完成
17:07:53 [INF] [Battle] ═══ 战斗开始 ═══
17:07:53 [INF] [Battle] 对手：疯修·残躯  HP 28
17:07:53 [INF] [Battle]   手牌 5 张
17:07:55 [INF] [Battle] ── 回合结束 ──
17:07:55 [INF] [Battle] 敌人行动：撕咬
17:07:55 [INF] [Battle]   受到 5 伤害（护体吸收 0，HP --5 → 55）
17:07:55 [INF] [Battle] ═══ 第 2 回合 ═══  灵力 +3 → 3
17:07:55 [INF] [Battle]   手牌 6 张
17:07:55 [INF] [Battle] ── 回合结束 ──
17:07:55 [INF] [Battle] 敌人行动：疯扑
17:07:55 [INF] [Battle]   受到 8 伤害（护体吸收 0，HP --8 → 47）
17:07:55 [INF] [Battle] ═══ 第 3 回合 ═══  灵力 +3 → 6
17:07:55 [INF] [Battle]   手牌 7 张
17:07:56 [INF] [Battle] ── 回合结束 ──
17:07:56 [INF] [Battle] 灵力消散 1 → 剩余 5
17:07:56 [INF] [Battle] 敌人行动：撕咬
17:07:56 [INF] [Battle]   受到 5 伤害（护体吸收 0，HP --5 → 42）
17:07:56 [INF] [Battle] ═══ 第 4 回合 ═══  灵力 +3 → 8
17:07:56 [INF] [Battle]   手牌 8 张
17:08:10 [INF] [Battle] ── 回合结束 ──
17:08:10 [INF] [Battle] 灵力消散 1 → 剩余 7
17:08:10 [INF] [Battle] 敌人行动：疯扑
17:08:10 [INF] [Battle]   受到 8 伤害（护体吸收 0，HP --8 → 34）
17:08:10 [INF] [Battle] ═══ 第 5 回合 ═══  灵力 +3 → 10
17:08:10 [INF] [Battle]   手牌 9 张

=== 游戏启动 2026-04-16T09:52:22 ===

=== 游戏启动 2026-04-16T09:53:56 ===
09:53:56 [INF] [MainMenu] 主菜单加载完成

=== 游戏启动 2026-04-16T10:09:30 ===
10:09:30 [INF] [MainMenu] 主菜单加载完成

=== 游戏启动 2026-04-16T10:31:25 ===

=== 游戏启动 2026-04-16T10:31:51 ===
10:31:51 [INF] [MainMenu] 主菜单加载完成

=== 游戏启动 2026-04-16T10:42:52 ===
10:42:52 [INF] [MainMenu] 主菜单加载完成
10:42:54 [INF] [MainMenu] 主菜单加载完成
10:43:01 [INF] [GameState] 新局开始：程天锋  HP=60
10:43:01 [INF] [GameMap] 地图加载完成

=== 游戏启动 2026-04-16T10:55:10 ===

=== 游戏启动 2026-04-16T10:58:17 ===
10:58:18 [INF] [MainMenu] 主菜单加载完成
10:58:20 [INF] [MainMenu] 主菜单加载完成
10:58:23 [INF] [GameState] 新局开始：程天锋  HP=60
10:58:23 [INF] [GameMap] 地图加载完成

=== 游戏启动 2026-04-16T11:08:03 ===

=== 游戏启动 2026-04-16T11:09:18 ===
11:09:18 [INF] [MainMenu] 主菜单加载完成
11:09:21 [INF] [GameState] 新局开始：程天锋  HP=60
11:09:21 [INF] [GameMap] 地图加载完成

=== 游戏启动 2026-04-16T11:10:31 ===

=== 游戏启动 2026-04-16T11:11:47 ===
11:11:47 [INF] [MainMenu] 主菜单加载完成
11:11:49 [INF] [GameState] 新局开始：程天锋  HP=60
11:11:49 [INF] [GameMap] 地图加载完成

=== 游戏启动 2026-04-16T11:13:15 ===
11:13:15 [INF] [MainMenu] 主菜单加载完成

=== 游戏启动 2026-04-16T11:13:27 ===
11:13:27 [INF] [MainMenu] 主菜单加载完成

=== 游戏启动 2026-04-16T11:14:02 ===

=== 游戏启动 2026-04-16T11:14:56 ===
11:14:56 [INF] [MainMenu] 主菜单加载完成
11:15:01 [INF] [GameState] 新局开始：程天锋  HP=60
11:15:01 [INF] [GameMap] 地图加载完成

=== 游戏启动 2026-04-16T11:16:06 ===
11:16:06 [INF] [MainMenu] 主菜单加载完成

=== 游戏启动 2026-04-16T11:16:18 ===
11:16:18 [INF] [MainMenu] 主菜单加载完成

=== 游戏启动 2026-04-16T11:16:56 ===

=== 游戏启动 2026-04-16T11:19:09 ===
11:19:09 [INF] [MainMenu] 主菜单加载完成
11:19:10 [INF] [GameState] 新局开始：程天锋  HP=60
11:19:10 [INF] [GameMap] 地图加载完成

=== 游戏启动 2026-04-16T11:19:39 ===
11:19:39 [INF] [MainMenu] 主菜单加载完成
11:19:41 [INF] [GameState] 新局开始：程天锋  HP=60
11:19:41 [INF] [GameMap] 地图加载完成

=== 游戏启动 2026-04-16T11:20:23 ===
11:20:23 [INF] [MainMenu] 主菜单加载完成
11:20:25 [INF] [GameState] 新局开始：程天锋  HP=60
11:20:25 [INF] [GameMap] 地图加载完成

=== 游戏启动 2026-04-16T11:22:00 ===

=== 游戏启动 2026-04-16T11:22:22 ===
11:22:22 [INF] [MainMenu] 主菜单加载完成
11:22:24 [INF] [GameState] 新局开始：程天锋  HP=60
11:22:24 [INF] [GameMap] 地图加载完成

=== 游戏启动 2026-04-16T11:23:53 ===
11:23:53 [INF] [MainMenu] 主菜单加载完成
11:23:57 [INF] [GameState] 新局开始：程天锋  HP=60
11:23:57 [INF] [GameMap] 地图加载完成

=== 游戏启动 2026-04-16T11:25:16 ===

=== 游戏启动 2026-04-16T11:25:41 ===
11:25:41 [INF] [MainMenu] 主菜单加载完成
11:25:42 [INF] [GameState] 新局开始：程天锋  HP=60
11:25:42 [INF] [GameMap] 地图加载完成
11:25:44 [INF] [Battle] ═══ 战斗开始 ═══
11:25:44 [INF] [Battle] 对手：疯修·残躯  HP 28
11:25:44 [INF] [Battle]   手牌 5 张
11:25:46 [INF] [Battle] 打出：快剑·劈山
11:25:46 [INF] [Battle]   对敌造成 7 伤害（护体吸收 0，HP --7 → 21）
11:25:46 [INF] [Battle] 打出：快剑·劈山
11:25:46 [INF] [Battle]   对敌造成 7 伤害（护体吸收 0，HP --7 → 14）
11:25:47 [INF] [Battle] ── 回合结束 ──
11:25:47 [INF] [Battle] 敌人行动：撕咬
11:25:47 [INF] [Battle]   受到 5 伤害（护体吸收 0，HP --5 → 55）
11:25:47 [INF] [Battle] ═══ 第 2 回合 ═══  灵力 +3 → 3
11:25:47 [INF] [Battle]   手牌 1 张
11:25:48 [INF] [Battle] ── 回合结束 ──
11:25:48 [INF] [Battle] 敌人行动：疯扑
11:25:48 [INF] [Battle]   受到 8 伤害（护体吸收 0，HP --8 → 47）
11:25:48 [INF] [Battle] ═══ 第 3 回合 ═══  灵力 +3 → 6
11:25:48 [INF] [Battle]   手牌 1 张
11:25:49 [INF] [Battle] ── 回合结束 ──
11:25:49 [INF] [Battle] 灵力消散 1 → 剩余 5
11:25:49 [INF] [Battle] 敌人行动：撕咬
11:25:49 [INF] [Battle]   受到 5 伤害（护体吸收 0，HP --5 → 42）
11:25:49 [INF] [Battle] ═══ 第 4 回合 ═══  灵力 +3 → 8
11:25:49 [INF] [Battle]   手牌 1 张

=== 游戏启动 2026-04-16T11:30:15 ===
11:30:15 [INF] [MainMenu] 主菜单加载完成
11:30:17 [INF] [GameState] 新局开始：程天锋  HP=60
11:30:17 [INF] [GameMap] 地图加载完成
11:30:20 [INF] [Battle] ═══ 战斗开始 ═══
11:30:20 [INF] [Battle] 对手：疯修·残躯  HP 28
11:30:20 [INF] [Battle]   手牌 5 张
11:30:21 [INF] [Battle] 打出：快剑·劈山
11:30:21 [INF] [Battle]   对敌造成 7 伤害（护体吸收 0，HP --7 → 21）
11:30:22 [INF] [Battle] ── 回合结束 ──
11:30:22 [INF] [Battle] 敌人行动：撕咬
11:30:22 [INF] [Battle]   受到 5 伤害（护体吸收 0，HP --5 → 55）
11:30:22 [INF] [Battle] ═══ 第 2 回合 ═══  灵力 +3 → 3
11:30:22 [INF] [Battle]   手牌 5 张
11:30:22 [INF] [Battle] ── 回合结束 ──
11:30:22 [INF] [Battle] 敌人行动：疯扑
11:30:22 [INF] [Battle]   受到 8 伤害（护体吸收 0，HP --8 → 47）
11:30:22 [INF] [Battle] ═══ 第 3 回合 ═══  灵力 +3 → 6
11:30:22 [INF] [Battle]   手牌 6 张
11:30:23 [INF] [Battle] ── 回合结束 ──
11:30:23 [INF] [Battle] 灵力消散 1 → 剩余 5
11:30:23 [INF] [Battle] 敌人行动：撕咬
11:30:23 [INF] [Battle]   受到 5 伤害（护体吸收 0，HP --5 → 42）
11:30:23 [INF] [Battle] ═══ 第 4 回合 ═══  灵力 +3 → 8
11:30:23 [INF] [Battle]   手牌 7 张
11:30:23 [INF] [Battle] 打出：定心咒
11:30:23 [INF] [Battle]   获得 6 护体（共 6）
11:30:24 [INF] [Battle] 打出：定心咒
11:30:24 [INF] [Battle]   获得 6 护体（共 12）
11:30:24 [INF] [Battle] 打出：快剑·劈山
11:30:24 [INF] [Battle]   对敌造成 7 伤害（护体吸收 0，HP --7 → 14）
11:30:25 [INF] [Battle] ── 回合结束 ──
11:30:25 [INF] [Battle] 灵力消散 1 → 剩余 5
11:30:25 [INF] [Battle] 敌人行动：疯扑
11:30:25 [INF] [Battle]   受到 8 伤害（护体吸收 8，HP --0 → 42）
11:30:25 [INF] [Battle] ═══ 第 5 回合 ═══  灵力 +3 → 8
11:30:25 [INF] [Battle]   手牌 5 张
11:30:25 [INF] [Battle] ── 回合结束 ──
11:30:25 [INF] [Battle] 灵力消散 1 → 剩余 7
11:30:25 [INF] [Battle] 敌人行动：撕咬
11:30:25 [INF] [Battle]   受到 5 伤害（护体吸收 4，HP --1 → 41）
11:30:25 [INF] [Battle] ═══ 第 6 回合 ═══  灵力 +3 → 10
11:30:25 [INF] [Battle]   手牌 6 张
11:30:25 [INF] [Battle] ── 回合结束 ──
11:30:25 [INF] [Battle] 灵力消散 1 → 剩余 9
11:30:25 [INF] [Battle] 敌人行动：疯扑
11:30:25 [INF] [Battle]   受到 8 伤害（护体吸收 0，HP --8 → 33）
11:30:25 [INF] [Battle] ═══ 第 7 回合 ═══  灵力 +3 → 12
11:30:25 [INF] [Battle]   手牌 7 张
11:30:25 [INF] [Battle] ── 回合结束 ──
11:30:25 [INF] [Battle] 灵力消散 1 → 剩余 11
11:30:25 [INF] [Battle] 敌人行动：撕咬
11:30:25 [INF] [Battle]   受到 5 伤害（护体吸收 0，HP --5 → 28）
11:30:25 [INF] [Battle] ═══ 第 8 回合 ═══  灵力 +3 → 14
11:30:25 [INF] [Battle]   手牌 8 张
11:30:26 [INF] [Battle] 打出：定心咒
11:30:26 [INF] [Battle]   获得 6 护体（共 6）
11:30:26 [INF] [Battle] 打出：快剑·劈山
11:30:26 [INF] [Battle]   对敌造成 7 伤害（护体吸收 0，HP --7 → 7）
11:30:26 [INF] [Battle] 打出：快剑·劈山
11:30:26 [INF] [Battle]   对敌造成 7 伤害（护体吸收 0，HP --7 → 0）
11:30:26 [INF] [Battle] ══ 战斗胜利 ══
11:30:26 [INF] [GameState] 战斗胜利，HP剩余 28

=== 游戏启动 2026-04-16T15:03:23 ===

=== 游戏启动 2026-04-16T15:05:22 ===
15:05:22 [INF] [MainMenu] 主菜单加载完成

=== 游戏启动 2026-04-16T15:05:40 ===
15:05:40 [INF] [MainMenu] 主菜单加载完成
15:05:56 [INF] [GameState] 新局开始：程天锋  HP=60
15:05:56 [INF] [GameMap] 地图加载完成

=== 游戏启动 2026-04-16T15:08:00 ===
15:08:00 [INF] [MainMenu] 主菜单加载完成

=== 游戏启动 2026-04-16T15:51:28 ===

=== 游戏启动 2026-04-16T15:51:58 ===
15:51:58 [INF] [MainMenu] 主菜单加载完成
15:52:06 [INF] [GameState] 新局开始：程天锋  HP=60
15:52:06 [INF] [GameMap] 地图加载完成
15:52:08 [INF] [Battle] ═══ 战斗开始 ═══
15:52:08 [INF] [Battle] 对手：疯修·残躯  HP 28
15:52:08 [INF] [Battle]   手牌 5 张
15:55:59 [INF] [Battle] 打出：快剑·劈山
15:55:59 [INF] [Battle]   对敌造成 7 伤害（护体吸收 0，HP --7 → 21）
15:56:00 [INF] [Battle] 打出：快剑·劈山
15:56:00 [INF] [Battle]   对敌造成 7 伤害（护体吸收 0，HP --7 → 14）
15:56:01 [INF] [Battle] ── 回合结束 ──
15:56:01 [INF] [Battle] 敌人行动：撕咬
15:56:01 [INF] [Battle]   受到 5 伤害（护体吸收 0，HP --5 → 55）
15:56:01 [INF] [Battle] ═══ 第 2 回合 ═══  灵力 +3 → 3
15:56:01 [INF] [Battle]   手牌 4 张
15:56:02 [INF] [Battle] ── 回合结束 ──
15:56:02 [INF] [Battle] 敌人行动：疯扑
15:56:02 [INF] [Battle]   受到 8 伤害（护体吸收 0，HP --8 → 47）
15:56:02 [INF] [Battle] ═══ 第 3 回合 ═══  灵力 +3 → 6
15:56:02 [INF] [Battle]   手牌 5 张
15:56:02 [INF] [Battle] ── 回合结束 ──
15:56:02 [INF] [Battle] 灵力消散 1 → 剩余 5
15:56:02 [INF] [Battle] 敌人行动：撕咬
15:56:02 [INF] [Battle]   受到 5 伤害（护体吸收 0，HP --5 → 42）
15:56:02 [INF] [Battle] ═══ 第 4 回合 ═══  灵力 +3 → 8
15:56:02 [INF] [Battle]   手牌 6 张
15:56:02 [INF] [Battle] ── 回合结束 ──
15:56:02 [INF] [Battle] 灵力消散 1 → 剩余 7
15:56:02 [INF] [Battle] 敌人行动：疯扑
15:56:02 [INF] [Battle]   受到 8 伤害（护体吸收 0，HP --8 → 34）
15:56:02 [INF] [Battle] ═══ 第 5 回合 ═══  灵力 +3 → 10
15:56:02 [INF] [Battle]   手牌 7 张
15:56:03 [INF] [Battle] ── 回合结束 ──
15:56:03 [INF] [Battle] 灵力消散 1 → 剩余 9
15:56:03 [INF] [Battle] 敌人行动：撕咬
15:56:03 [INF] [Battle]   受到 5 伤害（护体吸收 0，HP --5 → 29）
15:56:03 [INF] [Battle] ═══ 第 6 回合 ═══  灵力 +3 → 12
15:56:03 [INF] [Battle]   手牌 8 张
15:56:03 [INF] [Battle] ── 回合结束 ──
15:56:03 [INF] [Battle] 灵力消散 1 → 剩余 11
15:56:03 [INF] [Battle] 敌人行动：疯扑
15:56:03 [INF] [Battle]   受到 8 伤害（护体吸收 0，HP --8 → 21）
15:56:03 [INF] [Battle] ═══ 第 7 回合 ═══  灵力 +3 → 14
15:56:03 [INF] [Battle]   手牌 9 张
15:56:03 [INF] [Battle] ── 回合结束 ──
15:56:03 [INF] [Battle] 灵力消散 1 → 剩余 13
15:56:03 [INF] [Battle] 敌人行动：撕咬
15:56:03 [INF] [Battle]   受到 5 伤害（护体吸收 0，HP --5 → 16）
15:56:03 [INF] [Battle] ═══ 第 8 回合 ═══  灵力 +3 → 16
15:56:03 [INF] [Battle]   手牌 10 张
15:56:03 [INF] [Battle] ── 回合结束 ──
15:56:03 [INF] [Battle] 灵力消散 2 → 剩余 14
15:56:03 [INF] [Battle] 敌人行动：疯扑
15:56:03 [INF] [Battle]   受到 8 伤害（护体吸收 0，HP --8 → 8）
15:56:03 [INF] [Battle] ═══ 第 9 回合 ═══  灵力 +3 → 17
15:56:03 [INF] [Battle]   手牌已达上限 (10张)
15:56:03 [INF] [Battle]   手牌 10 张
15:56:03 [INF] [Battle] ── 回合结束 ──
15:56:03 [INF] [Battle] 灵力消散 2 → 剩余 15
15:56:03 [INF] [Battle] 敌人行动：撕咬
15:56:03 [INF] [Battle]   受到 5 伤害（护体吸收 0，HP --5 → 3）
15:56:03 [INF] [Battle] ═══ 第 10 回合 ═══  灵力 +3 → 18
15:56:03 [INF] [Battle]   手牌已达上限 (10张)
15:56:03 [INF] [Battle]   手牌 10 张
15:56:03 [INF] [Battle] ── 回合结束 ──
15:56:03 [INF] [Battle] 灵力消散 2 → 剩余 16
15:56:03 [INF] [Battle] 敌人行动：疯扑
15:56:03 [INF] [Battle]   受到 8 伤害（护体吸收 0，HP --8 → 0）
15:56:03 [INF] [Battle] ══ 战斗失败 ══
15:56:05 [INF] [MainMenu] 主菜单加载完成

=== 游戏启动 2026-04-16T15:56:22 ===
15:56:22 [INF] [MainMenu] 主菜单加载完成

=== 游戏启动 2026-04-16T15:58:49 ===
15:58:49 [INF] [MainMenu] 主菜单加载完成

=== 游戏启动 2026-04-16T16:01:38 ===

=== 游戏启动 2026-04-16T16:04:17 ===
16:04:17 [INF] [MainMenu] 主菜单加载完成
16:04:28 [INF] [GameState] 新局开始：程天锋  HP=60
16:04:28 [INF] [GameMap] 地图加载完成

=== 游戏启动 2026-04-16T16:33:45 ===

=== 游戏启动 2026-04-16T16:35:09 ===
16:35:09 [INF] [MainMenu] 主菜单加载完成
16:35:14 [INF] [GameState] 新局开始：程天锋  HP=60
16:35:14 [INF] [GameMap] 地图加载完成
16:35:17 [INF] [Battle] ═══ 战斗开始 ═══
16:35:17 [INF] [Battle] 对手：疯修·残躯  HP 28
16:35:17 [INF] [Battle]   手牌 5 张
16:35:26 [INF] [Battle] 剑意凝神 → 道行 +1（当前 2 层）
16:35:28 [INF] [Battle] ── 回合结束 ──
16:35:28 [INF] [Battle] 敌人行动：撕咬
16:35:28 [INF] [Battle]   受到 5 伤害（护体吸收 0，HP --5 → 55）
16:35:28 [INF] [Battle] ═══ 第 2 回合 ═══  灵力 +3 → 3
16:35:28 [INF] [Battle]   手牌 6 张
16:35:29 [INF] [Battle] 剑意凝神 → 道行 +1（当前 3 层）
16:35:30 [INF] [Battle] ── 回合结束 ──
16:35:30 [INF] [Battle] 敌人行动：疯扑
16:35:30 [INF] [Battle]   受到 8 伤害（护体吸收 0，HP --8 → 47）
16:35:30 [INF] [Battle] ═══ 第 3 回合 ═══  灵力 +3 → 6
16:35:30 [INF] [Battle]   手牌 7 张
16:35:30 [INF] [Battle] 剑意凝神 → 道行 +1（当前 4 层）
16:35:31 [INF] [Battle] ── 回合结束 ──
16:35:31 [INF] [Battle] 灵力消散 1 → 剩余 5
16:35:31 [INF] [Battle] 敌人行动：撕咬
16:35:31 [INF] [Battle]   受到 5 伤害（护体吸收 0，HP --5 → 42）
16:35:31 [INF] [Battle] ═══ 第 4 回合 ═══  灵力 +3 → 8
16:35:31 [INF] [Battle]   手牌 8 张
16:35:34 [INF] [Battle] 打出：快剑·劈山
16:35:34 [INF] [Battle]   对敌造成 11 伤害（护体吸收 0，HP --11 → 17）
16:35:36 [INF] [Battle] 打出：快剑·劈山
16:35:36 [INF] [Battle]   对敌造成 11 伤害（护体吸收 0，HP --11 → 6）
16:35:38 [INF] [Battle] 打出：快剑·劈山
16:35:38 [INF] [Battle]   对敌造成 11 伤害（护体吸收 0，HP --11 → -5）
16:35:38 [INF] [Battle] ══ 战斗胜利 ══
16:35:38 [INF] [GameState] 战斗胜利，HP剩余 42
16:35:39 [INF] [GameMap] 地图加载完成

=== 游戏启动 2026-04-16T16:37:38 ===
16:37:38 [INF] [MainMenu] 主菜单加载完成

=== 游戏启动 2026-04-16T16:38:54 ===
16:38:54 [INF] [MainMenu] 主菜单加载完成

=== 游戏启动 2026-04-16T16:39:50 ===
16:39:51 [INF] [MainMenu] 主菜单加载完成

=== 游戏启动 2026-04-16T16:40:16 ===
16:40:16 [INF] [MainMenu] 主菜单加载完成
16:40:20 [INF] [GameState] 新局开始：程天锋  HP=60
16:40:20 [INF] [GameMap] 地图加载完成
16:40:23 [INF] [Battle] ═══ 战斗开始 ═══
16:40:23 [INF] [Battle] 对手：疯修·残躯  HP 28
16:40:23 [INF] [Battle]   手牌 5 张

=== 游戏启动 2026-04-16T17:05:42 ===

=== 游戏启动 2026-04-16T17:06:22 ===
17:06:22 [INF] [MainMenu] 主菜单加载完成
17:07:00 [INF] [GameState] 新局开始：程天锋  HP=60
17:07:00 [INF] [GameMap] 地图加载完成
17:07:07 [INF] [Battle] ═══ 战斗开始 ═══
17:07:07 [INF] [Battle] 对手：疯修·残躯  HP 28
17:07:07 [INF] [Battle]   手牌 5 张
17:07:13 [INF] [Battle] ── 回合结束 ──
17:07:13 [INF] [Battle] 敌人行动：撕咬
17:07:13 [INF] [Battle]   受到 5 伤害（护体吸收 0，HP --5 → 55）
17:07:13 [INF] [Battle] ═══ 第 2 回合 ═══  灵力 +3 → 3
17:07:13 [INF] [Battle]   手牌 6 张

=== 游戏启动 2026-04-17T12:09:01 ===

=== 游戏启动 2026-04-17T12:09:29 ===

=== 游戏启动 2026-04-17T12:10:34 ===

=== 游戏启动 2026-04-17T12:13:41 ===

=== 游戏启动 2026-04-17T12:17:14 ===

=== 游戏启动 2026-04-17T12:19:04 ===

=== 游戏启动 2026-04-17T15:30:06 ===
15:30:06 [INF] [MainMenu] 主菜单加载完成
15:30:30 [INF] [MainMenu] 主菜单加载完成
15:32:31 [INF] [GameState] 新局开始：程天锋  HP=60
15:32:31 [INF] [GameMap] 地图加载完成
15:33:31 [INF] [Battle] ═══ 战斗开始 ═══
15:33:31 [INF] [Battle] 对手：疯修·残躯  HP 28
15:33:31 [INF] [Battle]   手牌 5 张
15:38:16 [INF] [Battle] ── 回合结束 ──
15:38:16 [INF] [Battle] 敌人行动：撕咬
15:38:16 [INF] [Battle]   受到 5 伤害（护体吸收 0，HP --5 → 55）
15:38:16 [INF] [Battle] ═══ 第 2 回合 ═══  灵力 +3 → 3
15:38:16 [INF] [Battle]   手牌 6 张
15:38:17 [INF] [Battle] ── 回合结束 ──
15:38:17 [INF] [Battle] 敌人行动：疯扑
15:38:17 [INF] [Battle]   受到 8 伤害（护体吸收 0，HP --8 → 47）
15:38:17 [INF] [Battle] ═══ 第 3 回合 ═══  灵力 +3 → 6
15:38:17 [INF] [Battle]   手牌 7 张
15:38:17 [INF] [Battle] ── 回合结束 ──
15:38:17 [INF] [Battle] 敌人行动：撕咬
15:38:17 [INF] [Battle]   受到 5 伤害（护体吸收 0，HP --5 → 42）
15:38:17 [INF] [Battle] ═══ 第 4 回合 ═══  灵力 +3 → 9
15:38:17 [INF] [Battle]   手牌 8 张
15:38:17 [INF] [Battle] ── 回合结束 ──
15:38:17 [INF] [Battle] 敌人行动：疯扑
15:38:17 [INF] [Battle]   受到 8 伤害（护体吸收 0，HP --8 → 34）
15:38:17 [INF] [Battle] ═══ 第 5 回合 ═══  灵力 +3 → 12
15:38:17 [INF] [Battle]   手牌 9 张
15:38:17 [INF] [Battle] ── 回合结束 ──
15:38:17 [INF] [Battle] 敌人行动：撕咬
15:38:17 [INF] [Battle]   受到 5 伤害（护体吸收 0，HP --5 → 29）
15:38:17 [INF] [Battle] ═══ 第 6 回合 ═══  灵力 +3 → 15
15:38:17 [INF] [Battle]   手牌 10 张
15:38:17 [INF] [Battle] ── 回合结束 ──
15:38:17 [INF] [Battle] 敌人行动：疯扑
15:38:17 [INF] [Battle]   受到 8 伤害（护体吸收 0，HP --8 → 21）
15:38:17 [INF] [Battle] ═══ 第 7 回合 ═══  灵力 +3 → 18
15:38:17 [INF] [Battle]   手牌已达上限 (10张)
15:38:17 [INF] [Battle]   手牌 10 张
15:38:18 [INF] [Battle] ── 回合结束 ──
15:38:18 [INF] [Battle] 敌人行动：撕咬
15:38:18 [INF] [Battle]   受到 5 伤害（护体吸收 0，HP --5 → 16）
15:38:18 [INF] [Battle] ═══ 第 8 回合 ═══  灵力 +3 → 20
15:38:18 [INF] [Battle]   手牌已达上限 (10张)
15:38:18 [INF] [Battle]   手牌 10 张
15:38:18 [INF] [Battle] ── 回合结束 ──
15:38:18 [INF] [Battle] 敌人行动：疯扑
15:38:18 [INF] [Battle]   受到 8 伤害（护体吸收 0，HP --8 → 8）
15:38:18 [INF] [Battle] ═══ 第 9 回合 ═══  灵力 +3 → 20
15:38:18 [INF] [Battle]   手牌已达上限 (10张)
15:38:18 [INF] [Battle]   手牌 10 张
15:38:18 [INF] [Battle] ── 回合结束 ──
15:38:18 [INF] [Battle] 敌人行动：撕咬
15:38:18 [INF] [Battle]   受到 5 伤害（护体吸收 0，HP --5 → 3）
15:38:18 [INF] [Battle] ═══ 第 10 回合 ═══  灵力 +3 → 20
15:38:18 [INF] [Battle]   手牌已达上限 (10张)
15:38:18 [INF] [Battle]   手牌 10 张
15:38:18 [INF] [Battle] ── 回合结束 ──
15:38:18 [INF] [Battle] 敌人行动：疯扑
15:38:18 [INF] [Battle]   受到 8 伤害（护体吸收 0，HP --8 → 0）
15:38:18 [INF] [Battle] ══ 战斗失败 ══
15:38:20 [INF] [MainMenu] 主菜单加载完成

=== 游戏启动 2026-04-17T17:11:45 ===
17:11:45 [INF] [MainMenu] 主菜单加载完成
17:11:54 [INF] [MainMenu] 主菜单加载完成
17:11:57 [INF] [GameState] 新局开始：程天锋  HP=60
17:11:57 [INF] [GameMap] 地图加载完成
17:12:01 [INF] [Battle] ═══ 战斗开始 ═══
17:12:01 [INF] [Battle] 对手：疯修·残躯  HP 28
17:12:01 [INF] [Battle]   手牌 5 张
17:12:02 [INF] [Battle] 打出：快剑·劈山
17:12:02 [INF] [Battle]   对敌造成 7 伤害（护体吸收 0，HP --7 → 21）

=== 游戏启动 2026-04-17T17:14:35 ===
17:14:35 [INF] [MainMenu] 主菜单加载完成
17:14:39 [INF] [GameState] 新局开始：程天锋  HP=60
17:14:39 [INF] [GameMap] 地图加载完成
17:14:42 [INF] [Battle] ═══ 战斗开始 ═══
17:14:42 [INF] [Battle] 对手：疯修·残躯  HP 28
17:14:42 [INF] [Battle]   手牌 5 张

=== 游戏启动 2026-04-17T17:18:11 ===
17:18:11 [INF] [MainMenu] 主菜单加载完成
17:18:36 [INF] [GameState] 新局开始：程天锋  HP=60
17:18:36 [INF] [GameMap] 地图加载完成
17:18:41 [INF] [Battle] ═══ 战斗开始 ═══
17:18:41 [INF] [Battle] 对手：疯修·残躯  HP 28
17:18:41 [INF] [Battle]   手牌 5 张
17:19:09 [INF] [Battle] 剑意凝神 → 道行 +1（当前 2 层）
17:19:22 [INF] [Battle] ── 回合结束 ──
17:19:22 [INF] [Battle] 敌人行动：撕咬
17:19:22 [INF] [Battle]   受到 5 伤害（护体吸收 0，HP --5 → 55）
17:19:22 [INF] [Battle] ═══ 第 2 回合 ═══  灵力 +3 → 3
17:19:22 [INF] [Battle]   手牌 6 张
17:19:23 [INF] [Battle] ── 回合结束 ──
17:19:23 [INF] [Battle] 敌人行动：疯扑
17:19:23 [INF] [Battle]   受到 8 伤害（护体吸收 0，HP --8 → 47）
17:19:24 [INF] [Battle] ═══ 第 3 回合 ═══  灵力 +3 → 6
17:19:24 [INF] [Battle]   手牌 7 张
17:19:28 [INF] [Battle] ── 回合结束 ──
17:19:29 [INF] [Battle] 敌人行动：撕咬
17:19:29 [INF] [Battle]   受到 5 伤害（护体吸收 0，HP --5 → 42）
17:19:29 [INF] [Battle] ═══ 第 4 回合 ═══  灵力 +3 → 9
17:19:29 [INF] [Battle]   手牌 8 张
17:19:30 [INF] [Battle] ── 回合结束 ──
17:19:31 [INF] [Battle] 敌人行动：疯扑
17:19:31 [INF] [Battle]   受到 8 伤害（护体吸收 0，HP --8 → 34）
17:19:31 [INF] [Battle] ═══ 第 5 回合 ═══  灵力 +3 → 12
17:19:31 [INF] [Battle]   手牌 9 张
17:19:32 [INF] [Battle] ── 回合结束 ──
17:19:33 [INF] [Battle] 敌人行动：撕咬
17:19:33 [INF] [Battle]   受到 5 伤害（护体吸收 0，HP --5 → 29）
17:19:34 [INF] [Battle] ═══ 第 6 回合 ═══  灵力 +3 → 15
17:19:34 [INF] [Battle]   手牌 10 张
17:19:35 [INF] [Battle] ── 回合结束 ──
17:19:35 [INF] [Battle] 敌人行动：疯扑
17:19:35 [INF] [Battle]   受到 8 伤害（护体吸收 0，HP --8 → 21）
17:19:36 [INF] [Battle] ═══ 第 7 回合 ═══  灵力 +3 → 18
17:19:36 [INF] [Battle]   手牌已达上限 (10张)
17:19:36 [INF] [Battle]   手牌 10 张
17:19:37 [INF] [Battle] ── 回合结束 ──
17:19:38 [INF] [Battle] 敌人行动：撕咬
17:19:38 [INF] [Battle]   受到 5 伤害（护体吸收 0，HP --5 → 16）
17:19:39 [INF] [Battle] ═══ 第 8 回合 ═══  灵力 +3 → 20
17:19:39 [INF] [Battle]   手牌已达上限 (10张)
17:19:39 [INF] [Battle]   手牌 10 张
17:19:40 [INF] [Battle] ── 回合结束 ──
17:19:41 [INF] [Battle] 敌人行动：疯扑
17:19:41 [INF] [Battle]   受到 8 伤害（护体吸收 0，HP --8 → 8）
17:19:41 [INF] [Battle] ═══ 第 9 回合 ═══  灵力 +3 → 20
17:19:41 [INF] [Battle]   手牌已达上限 (10张)
17:19:41 [INF] [Battle]   手牌 10 张
17:19:45 [INF] [Battle] ── 回合结束 ──
17:19:46 [INF] [Battle] 敌人行动：撕咬
17:19:46 [INF] [Battle]   受到 5 伤害（护体吸收 0，HP --5 → 3）
17:19:47 [INF] [Battle] ═══ 第 10 回合 ═══  灵力 +3 → 20
17:19:47 [INF] [Battle]   手牌已达上限 (10张)
17:19:47 [INF] [Battle]   手牌 10 张
17:19:47 [INF] [Battle] ── 回合结束 ──
17:19:48 [INF] [Battle] 敌人行动：疯扑
17:19:48 [INF] [Battle]   受到 8 伤害（护体吸收 0，HP --8 → 0）
17:19:48 [INF] [Battle] ══ 战斗失败 ══
17:19:51 [INF] [MainMenu] 主菜单加载完成
17:21:13 [INF] [GameState] 新局开始：程天锋  HP=60
17:21:13 [INF] [GameMap] 地图加载完成
17:21:16 [INF] [Battle] ═══ 战斗开始 ═══
17:21:16 [INF] [Battle] 对手：疯修·残躯  HP 28
17:21:16 [INF] [Battle]   手牌 5 张

=== 游戏启动 2026-04-17T17:27:39 ===

=== 游戏启动 2026-04-17T17:28:05 ===

=== 游戏启动 2026-04-17T17:30:01 ===
17:30:01 [INF] [MainMenu] 主菜单加载完成
17:30:08 [INF] [GameState] 新局开始：程天锋  HP=60
17:30:08 [INF] [GameMap] 地图加载完成
17:30:12 [INF] [Battle] ═══ 战斗开始 ═══
17:30:12 [INF] [Battle] 对手：疯修·残躯  HP 28
17:30:12 [INF] [Battle]   手牌 5 张
17:30:47 [INF] [Battle] ── 回合结束 ──
17:30:47 [INF] [Battle] 敌人行动：撕咬
17:30:47 [INF] [Battle]   受到 5 伤害（护体吸收 0，HP --5 → 55）
17:30:47 [INF] [Battle] ═══ 第 2 回合 ═══  灵力 +3 → 3
17:30:47 [INF] [Battle]   手牌 6 张
17:30:49 [INF] [Battle] ── 回合结束 ──
17:30:49 [INF] [Battle] 敌人行动：疯扑
17:30:49 [INF] [Battle]   受到 8 伤害（护体吸收 0，HP --8 → 47）
17:30:49 [INF] [Battle] ═══ 第 3 回合 ═══  灵力 +3 → 6
17:30:49 [INF] [Battle]   手牌 7 张

=== 游戏启动 2026-04-17T17:35:50 ===

=== 游戏启动 2026-04-17T17:38:50 ===
17:38:50 [INF] [MainMenu] 主菜单加载完成
17:38:52 [INF] [GameState] 新局开始：程天锋  HP=60
17:38:53 [INF] [GameMap] 地图加载完成

=== 游戏启动 2026-04-17T17:40:16 ===
17:40:16 [INF] [MainMenu] 主菜单加载完成

=== 游戏启动 2026-04-17T17:40:22 ===
17:40:22 [INF] [MainMenu] 主菜单加载完成
17:40:26 [INF] [GameState] 新局开始：程天锋  HP=60
17:40:26 [INF] [GameMap] 地图加载完成
17:40:29 [INF] [Battle] ═══ 战斗开始 ═══
17:40:29 [INF] [Battle] 对手：疯修·残躯  HP 28
17:40:29 [INF] [Battle]   首回合灵力 +3 → 3
17:40:29 [INF] [Battle]   手牌 5 张

=== 游戏启动 2026-04-17T17:42:43 ===

=== 游戏启动 2026-04-17T17:44:23 ===
17:44:23 [INF] [MainMenu] 主菜单加载完成
17:44:28 [INF] [GameState] 新局开始：程天锋  HP=60
17:44:28 [INF] [GameMap] 地图加载完成
17:44:32 [INF] [Battle] ═══ 战斗开始 ═══
17:44:32 [INF] [Battle] 对手：疯修·残躯  HP 28
17:44:32 [INF] [Battle]   首回合灵力 +3 → 3
17:44:32 [INF] [Battle]   手牌 5 张

=== 游戏启动 2026-04-17T17:49:54 ===
17:49:54 [INF] [MainMenu] 主菜单加载完成
17:49:57 [INF] [GameState] 新局开始：程天锋  HP=60
17:49:57 [INF] [GameMap] 地图加载完成
17:50:02 [INF] [Battle] ═══ 战斗开始 ═══
17:50:02 [INF] [Battle] 对手：疯修·残躯  HP 28
17:50:02 [INF] [Battle]   首回合灵力 +3 → 3
17:50:02 [INF] [Battle]   手牌 5 张

=== 游戏启动 2026-04-17T17:57:25 ===
17:57:25 [INF] [MainMenu] 主菜单加载完成
17:57:27 [INF] [GameState] 新局开始：程天锋  HP=60
17:57:27 [INF] [GameMap] 地图加载完成
17:57:31 [INF] [Battle] ═══ 战斗开始 ═══
17:57:31 [INF] [Battle] 对手：疯修·残躯  HP 28
17:57:31 [INF] [Battle]   首回合灵力 +3 → 3
17:57:31 [INF] [Battle]   手牌 5 张
17:57:38 [INF] [Battle] 打出：定心咒
17:57:38 [INF] [Battle]   获得 6 护体（共 6）
17:57:39 [INF] [Battle] 打出：定心咒
17:57:39 [INF] [Battle]   获得 6 护体（共 12）
17:57:40 [INF] [Battle] 打出：快剑·劈山
17:57:40 [INF] [Battle]   对敌造成 7 伤害（护体吸收 0，HP --7 → 21）

=== 游戏启动 2026-04-17T17:58:44 ===
17:58:44 [INF] [MainMenu] 主菜单加载完成
17:58:47 [INF] [GameState] 新局开始：程天锋  HP=60
17:58:47 [INF] [GameMap] 地图加载完成
17:58:51 [INF] [Battle] ═══ 战斗开始 ═══
17:58:51 [INF] [Battle] 对手：疯修·残躯  HP 28
17:58:51 [INF] [Battle]   首回合灵力 +3 → 3
17:58:51 [INF] [Battle]   手牌 5 张

=== 游戏启动 2026-04-17T18:09:08 ===
18:09:08 [INF] [MainMenu] 主菜单加载完成
18:09:11 [INF] [GameState] 新局开始：程天锋  HP=60
18:09:11 [INF] [GameMap] 地图加载完成
18:09:15 [INF] [Battle] ═══ 战斗开始 ═══
18:09:15 [INF] [Battle] 对手：疯修·残躯  HP 28
18:09:15 [INF] [Battle]   首回合灵力 +3 → 3
18:09:15 [INF] [Battle]   手牌 5 张

=== 游戏启动 2026-04-17T18:11:39 ===

=== 游戏启动 2026-04-17T18:13:15 ===
18:13:15 [INF] [MainMenu] 主菜单加载完成
18:13:17 [INF] [GameState] 新局开始：程天锋  HP=60
18:13:18 [INF] [GameMap] 地图加载完成
18:13:21 [INF] [Battle] ═══ 战斗开始 ═══
18:13:21 [INF] [Battle] 对手：疯修·残躯  HP 28
18:13:21 [INF] [Battle]   首回合灵力 +3 → 3
18:13:21 [INF] [Battle]   手牌 5 张

=== 游戏启动 2026-04-27T14:08:48 ===
14:08:48 [INF] [MainMenu] 主菜单加载完成
14:09:04 [INF] [MainMenu] 主菜单加载完成

=== 游戏启动 2026-04-27T14:09:17 ===
14:09:17 [INF] [MainMenu] 主菜单加载完成
14:09:23 [INF] [MainMenu] 主菜单加载完成

=== 游戏启动 2026-04-27T14:28:04 ===

=== 游戏启动 2026-04-27T14:28:10 ===

=== 游戏启动 2026-04-27T14:29:18 ===

=== 游戏启动 2026-04-27T14:36:18 ===
14:36:18 [INF] [MainMenu] 主菜单加载完成
14:36:30 [INF] [GameState] 新局开始：程天锋  HP=60
14:36:30 [INF] [GameMap] 地图加载完成
14:36:32 [INF] [Battle] ═══ 战斗开始 ═══
14:36:32 [INF] [Battle] 对手：疯修·残躯  HP 28
14:36:32 [INF] [Battle]   首回合灵力 +3 → 3
14:36:32 [INF] [Battle]   手牌 5 张
14:36:51 [INF] [Battle] 打出：快剑·劈山
14:36:51 [INF] [Battle]   对敌造成 7 伤害（护体吸收 0，HP --7 → 21）
14:36:52 [INF] [Battle] 打出：定心咒
14:36:52 [INF] [Battle]   获得 6 护体（共 6）
14:36:53 [INF] [Battle] 打出：快剑·劈山
14:36:53 [INF] [Battle]   对敌造成 7 伤害（护体吸收 0，HP --7 → 14）

=== 游戏启动 2026-04-27T14:42:01 ===

=== 游戏启动 2026-04-27T14:43:06 ===

=== 游戏启动 2026-04-27T14:44:54 ===

=== 游戏启动 2026-04-27T14:45:43 ===

=== 游戏启动 2026-04-27T14:51:14 ===

=== 游戏启动 2026-04-27T14:51:48 ===

=== 游戏启动 2026-04-27T15:13:45 ===

=== 游戏启动 2026-04-27T15:15:10 ===

=== 游戏启动 2026-04-27T15:16:36 ===

=== 游戏启动 2026-04-27T15:22:45 ===
15:22:45 [INF] [MainMenu] 主菜单加载完成
15:22:48 [INF] [GameState] 新局开始：程天锋  HP=60  地图层数=16
15:22:48 [INF] [GameMap] 地图加载完成，当前层=0
15:22:52 [INF] [GameState] 访问节点 n1_1（类型=normal 层=1）
15:22:52 [INF] [Battle] ═══ 战斗开始 ═══
15:22:52 [INF] [Battle] 对手：疯修·残躯  HP 28
15:22:52 [INF] [Battle]   首回合灵力 +3 → 3
15:22:52 [INF] [Battle]   手牌 5 张

=== 游戏启动 2026-04-27T15:23:05 ===
15:23:05 [INF] [MainMenu] 主菜单加载完成
15:24:34 [INF] [GameState] 新局开始：程天锋  HP=60  地图层数=16
15:24:34 [INF] [GameMap] 地图加载完成，当前层=0

=== 游戏启动 2026-04-27T15:30:38 ===

=== 游戏启动 2026-04-27T15:32:56 ===
15:32:56 [INF] [MainMenu] 主菜单加载完成
15:32:57 [INF] [GameState] 新局开始：程天锋  HP=60  地图层数=16
15:32:57 [INF] [GameMap] 地图加载完成，当前层=0

=== 游戏启动 2026-04-27T15:33:47 ===
15:33:47 [INF] [MainMenu] 主菜单加载完成
15:33:50 [INF] [GameState] 新局开始：程天锋  HP=60  地图层数=16
15:33:50 [INF] [GameMap] 地图加载完成，当前层=0

=== 游戏启动 2026-04-27T15:37:35 ===

=== 游戏启动 2026-04-27T15:38:16 ===
15:38:16 [INF] [MainMenu] 主菜单加载完成
15:38:18 [INF] [GameState] 新局开始：程天锋  HP=60  地图层数=16
15:38:19 [INF] [GameMap] 地图加载完成，当前层=0

=== 游戏启动 2026-04-27T15:40:33 ===

=== 游戏启动 2026-04-27T15:41:38 ===
15:41:38 [INF] [MainMenu] 主菜单加载完成
15:41:40 [INF] [GameState] 新局开始：程天锋  HP=60  地图层数=16
15:41:41 [INF] [GameMap] 地图加载完成，当前层=0
15:41:41 [INF] [GameState] 访问节点 n1_1（类型=normal 层=1）
15:41:41 [INF] [Battle] ═══ 战斗开始 ═══
15:41:41 [INF] [Battle] 对手：疯修·残躯  HP 28
15:41:41 [INF] [Battle]   首回合灵力 +3 → 3
15:41:41 [INF] [Battle]   手牌 5 张
15:41:44 [INF] [Battle] 打出：定心咒
15:41:44 [INF] [Battle]   获得 6 护体（共 6）
15:41:45 [INF] [Battle] 打出：定心咒
15:41:45 [INF] [Battle]   获得 6 护体（共 12）
15:41:45 [INF] [Battle] 打出：快剑·劈山
15:41:45 [INF] [Battle]   对敌造成 7 伤害（护体吸收 0，HP --7 → 21）
15:41:47 [INF] [Battle] ── 回合结束 ──
15:41:47 [INF] [Battle] 敌人行动：撕咬
15:41:47 [INF] [Battle]   受到 5 伤害（护体吸收 5，HP --0 → 60）
15:41:47 [INF] [Battle] ═══ 第 2 回合 ═══  灵力 +3 → 4
15:41:47 [INF] [Battle]   手牌 3 张
15:41:47 [INF] [Battle] 打出：快剑·劈山
15:41:47 [INF] [Battle]   对敌造成 7 伤害（护体吸收 0，HP --7 → 14）
15:41:47 [INF] [Battle] 打出：定心咒
15:41:47 [INF] [Battle]   获得 6 护体（共 13）
15:41:47 [INF] [Battle] 打出：快剑·劈山
15:41:47 [INF] [Battle]   对敌造成 7 伤害（护体吸收 0，HP --7 → 7）
15:41:49 [INF] [Battle] ── 回合结束 ──
15:41:49 [INF] [Battle] 敌人行动：疯扑
15:41:49 [INF] [Battle]   受到 8 伤害（护体吸收 8，HP --0 → 60）
15:41:49 [INF] [Battle] ═══ 第 3 回合 ═══  灵力 +3 → 6
15:41:49 [INF] [Battle]   手牌 1 张
15:41:49 [INF] [Battle] 打出：快剑·劈山
15:41:49 [INF] [Battle]   对敌造成 7 伤害（护体吸收 0，HP --7 → 0）
15:41:49 [INF] [Battle] ══ 战斗胜利 ══
15:41:49 [INF] [GameState] 战斗胜利，HP剩余 60
15:41:52 [INF] [GameMap] 地图加载完成，当前层=1

=== 游戏启动 2026-04-27T15:46:04 ===

=== 游戏启动 2026-04-27T15:46:49 ===
15:46:49 [INF] [MainMenu] 主菜单加载完成
15:46:50 [INF] [GameState] 新局开始：程天锋  HP=60  地图层数=16
15:46:52 [INF] [GameMap] 地图加载完成，当前层=0
15:47:00 [INF] [GameState] 访问节点 n1_1（类型=normal 层=1）
15:47:00 [INF] [Battle] ═══ 战斗开始 ═══
15:47:00 [INF] [Battle] 对手：疯修·残躯  HP 28
15:47:00 [INF] [Battle]   首回合灵力 +3 → 3
15:47:00 [INF] [Battle]   手牌 5 张

=== 游戏启动 2026-04-27T16:11:59 ===

=== 游戏启动 2026-04-27T16:49:44 ===
16:49:44 [INF] [MainMenu] 主菜单加载完成
16:49:47 [INF] [GameState] 新局开始：程天锋  HP=60  地图层数=16
16:49:48 [INF] [GameMap] 地图加载完成，当前层=0
16:49:55 [INF] [GameState] 起始节点已确认，第1层已解锁
16:49:57 [INF] [GameState] 访问节点 n1_0（类型=normal 层=1）
16:49:57 [INF] [Battle] ═══ 战斗开始 ═══
16:49:57 [INF] [Battle] 对手：疯修·残躯  HP 28
16:49:57 [INF] [Battle]   首回合灵力 +3 → 3
16:49:57 [INF] [Battle]   手牌 5 张
16:49:59 [INF] [Battle] 打出：定心咒
16:49:59 [INF] [Battle]   获得 6 护体（共 6）
16:49:59 [INF] [Battle] 打出：快剑·劈山
16:49:59 [INF] [Battle]   对敌造成 7 伤害（护体吸收 0，HP --7 → 21）
16:50:00 [INF] [Battle] 打出：定心咒
16:50:00 [INF] [Battle]   获得 6 护体（共 12）
16:50:01 [INF] [Battle] ── 回合结束 ──
16:50:01 [INF] [Battle] 敌人行动：撕咬
16:50:01 [INF] [Battle]   受到 5 伤害（护体吸收 5，HP --0 → 60）
16:50:01 [INF] [Battle] ═══ 第 2 回合 ═══  灵力 +3 → 4
16:50:01 [INF] [Battle]   手牌 3 张
16:50:01 [INF] [Battle] 打出：快剑·劈山
16:50:01 [INF] [Battle]   对敌造成 7 伤害（护体吸收 0，HP --7 → 14）
16:50:02 [INF] [Battle] 打出：快剑·劈山
16:50:02 [INF] [Battle]   对敌造成 7 伤害（护体吸收 0，HP --7 → 7）
16:50:02 [INF] [Battle] 打出：定心咒
16:50:02 [INF] [Battle]   获得 6 护体（共 13）
16:50:04 [INF] [Battle] ── 回合结束 ──
16:50:04 [INF] [Battle] 敌人行动：疯扑
16:50:04 [INF] [Battle]   受到 8 伤害（护体吸收 8，HP --0 → 60）
16:50:04 [INF] [Battle] ═══ 第 3 回合 ═══  灵力 +3 → 6
16:50:04 [INF] [Battle]   手牌 1 张
16:50:04 [INF] [Battle] 打出：定心咒
16:50:04 [INF] [Battle]   获得 6 护体（共 11）
16:50:05 [INF] [Battle] ── 回合结束 ──
16:50:05 [INF] [Battle] 敌人行动：撕咬
16:50:05 [INF] [Battle]   受到 5 伤害（护体吸收 5，HP --0 → 60）
16:50:05 [INF] [Battle] ═══ 第 4 回合 ═══  灵力 +3 → 8
16:50:05 [INF] [Battle]   手牌 1 张
16:50:06 [INF] [Battle] 打出：快剑·劈山
16:50:06 [INF] [Battle]   对敌造成 7 伤害（护体吸收 0，HP --7 → 0）
16:50:06 [INF] [Battle] ══ 战斗胜利 ══
16:50:06 [INF] [GameState] 战斗胜利，HP剩余 60
16:50:10 [INF] [GameMap] 地图加载完成，当前层=1

=== 游戏启动 2026-04-27T16:56:17 ===

=== 游戏启动 2026-04-27T17:03:14 ===
17:03:14 [INF] [MainMenu] 主菜单加载完成
17:03:17 [INF] [GameState] 新局开始：程天锋  HP=60  地图层数=16
17:03:18 [INF] [GameMap] 地图加载完成，当前层=0
17:03:24 [INF] [GameState] 起始节点已确认，第1层已解锁
17:03:26 [INF] [GameState] 访问节点 n1_1（类型=normal 层=1）
17:03:26 [INF] [Battle] ═══ 战斗开始 ═══
17:03:26 [INF] [Battle] 对手：疯修·残躯  HP 28
17:03:26 [INF] [Battle]   首回合灵力 +3 → 3
17:03:26 [INF] [Battle]   手牌 5 张
17:03:29 [INF] [Battle] 打出：快剑·劈山
17:03:29 [INF] [Battle]   对敌造成 7 伤害（护体吸收 0，HP --7 → 21）
17:03:29 [INF] [Battle] 打出：快剑·劈山
17:03:29 [INF] [Battle]   对敌造成 7 伤害（护体吸收 0，HP --7 → 14）
17:03:29 [INF] [Battle] 打出：快剑·劈山
17:03:29 [INF] [Battle]   对敌造成 7 伤害（护体吸收 0，HP --7 → 7）
17:03:32 [INF] [Battle] ── 回合结束 ──
17:03:32 [INF] [Battle] 敌人行动：撕咬
17:03:32 [INF] [Battle]   受到 5 伤害（护体吸收 0，HP --5 → 55）
17:03:32 [INF] [Battle] ═══ 第 2 回合 ═══  灵力 +3 → 6
17:03:32 [INF] [Battle]   手牌 3 张
17:03:32 [INF] [Battle] 打出：快剑·劈山
17:03:32 [INF] [Battle]   对敌造成 7 伤害（护体吸收 0，HP --7 → 0）
17:03:32 [INF] [Battle] ══ 战斗胜利 ══
17:03:32 [INF] [GameState] 战斗胜利，HP剩余 55
17:03:35 [INF] [GameMap] 地图加载完成，当前层=1

=== 游戏启动 2026-04-27T17:10:53 ===

=== 游戏启动 2026-04-27T17:14:17 ===
17:14:17 [INF] [MainMenu] 主菜单加载完成
17:14:19 [INF] [GameState] 新局开始：程天锋  HP=60  地图层数=16
17:14:20 [INF] [GameMap] 地图加载完成，当前层=0
17:14:23 [INF] [GameState] 起始节点已确认，第1层已解锁
17:14:29 [INF] [GameState] 访问节点 n1_1（类型=normal 层=1）
17:14:30 [INF] [Battle] ═══ 战斗开始 ═══
17:14:30 [INF] [Battle] 对手：疯修·残躯  HP 28
17:14:30 [INF] [Battle]   首回合灵力 +3 → 3
17:14:30 [INF] [Battle]   手牌 5 张
17:14:32 [INF] [Battle] ── 回合结束 ──
17:14:32 [INF] [Battle] 敌人行动：撕咬
17:14:32 [INF] [Battle]   受到 5 伤害（护体吸收 0，HP --5 → 55）
17:14:32 [INF] [Battle] ═══ 第 2 回合 ═══  灵力 +3 → 6
17:14:32 [INF] [Battle]   手牌 6 张
17:14:33 [INF] [Battle] ── 回合结束 ──
17:14:33 [INF] [Battle] 敌人行动：疯扑
17:14:33 [INF] [Battle]   受到 8 伤害（护体吸收 0，HP --8 → 47）
17:14:33 [INF] [Battle] ═══ 第 3 回合 ═══  灵力 +3 → 9
17:14:33 [INF] [Battle]   手牌 7 张
17:14:34 [INF] [Battle] ── 回合结束 ──
17:14:34 [INF] [Battle] 敌人行动：撕咬
17:14:34 [INF] [Battle]   受到 5 伤害（护体吸收 0，HP --5 → 42）
17:14:34 [INF] [Battle] ═══ 第 4 回合 ═══  灵力 +3 → 12
17:14:34 [INF] [Battle]   手牌 8 张
17:14:34 [INF] [Battle] ── 回合结束 ──
17:14:34 [INF] [Battle] 敌人行动：疯扑
17:14:34 [INF] [Battle]   受到 8 伤害（护体吸收 0，HP --8 → 34）
17:14:34 [INF] [Battle] ═══ 第 5 回合 ═══  灵力 +3 → 15
17:14:34 [INF] [Battle]   手牌 9 张
17:14:34 [INF] [Battle] ── 回合结束 ──
17:14:34 [INF] [Battle] 敌人行动：撕咬
17:14:34 [INF] [Battle]   受到 5 伤害（护体吸收 0，HP --5 → 29）
17:14:34 [INF] [Battle] ═══ 第 6 回合 ═══  灵力 +3 → 18
17:14:34 [INF] [Battle]   手牌 10 张
17:14:34 [INF] [Battle] ── 回合结束 ──
17:14:34 [INF] [Battle] 敌人行动：疯扑
17:14:34 [INF] [Battle]   受到 8 伤害（护体吸收 0，HP --8 → 21）
17:14:34 [INF] [Battle] ═══ 第 7 回合 ═══  灵力 +3 → 20
17:14:34 [INF] [Battle]   手牌已达上限 (10张)
17:14:34 [INF] [Battle]   手牌 10 张
17:14:34 [INF] [Battle] ── 回合结束 ──
17:14:34 [INF] [Battle] 敌人行动：撕咬
17:14:34 [INF] [Battle]   受到 5 伤害（护体吸收 0，HP --5 → 16）
17:14:34 [INF] [Battle] ═══ 第 8 回合 ═══  灵力 +3 → 20
17:14:34 [INF] [Battle]   手牌已达上限 (10张)
17:14:34 [INF] [Battle]   手牌 10 张
17:14:34 [INF] [Battle] ── 回合结束 ──
17:14:34 [INF] [Battle] 敌人行动：疯扑
17:14:34 [INF] [Battle]   受到 8 伤害（护体吸收 0，HP --8 → 8）
17:14:34 [INF] [Battle] ═══ 第 9 回合 ═══  灵力 +3 → 20
17:14:34 [INF] [Battle]   手牌已达上限 (10张)
17:14:34 [INF] [Battle]   手牌 10 张
17:14:35 [INF] [Battle] 打出：定心咒
17:14:35 [INF] [Battle]   获得 6 护体（共 6）
17:14:35 [INF] [Battle] 打出：定心咒
17:14:35 [INF] [Battle]   获得 6 护体（共 12）
17:14:35 [INF] [Battle] 打出：定心咒
17:14:35 [INF] [Battle]   获得 6 护体（共 18）
17:14:37 [INF] [Battle] ── 回合结束 ──
17:14:37 [INF] [Battle] 敌人行动：撕咬
17:14:37 [INF] [Battle]   受到 5 伤害（护体吸收 5，HP --0 → 8）
17:14:37 [INF] [Battle] ═══ 第 10 回合 ═══  灵力 +3 → 20
17:14:37 [INF] [Battle]   手牌 8 张
17:14:37 [INF] [Battle] 打出：定心咒
17:14:37 [INF] [Battle]   获得 6 护体（共 19）
17:14:37 [INF] [Battle] 打出：快剑·劈山
17:14:37 [INF] [Battle]   对敌造成 7 伤害（护体吸收 0，HP --7 → 21）
17:14:37 [INF] [Battle] 打出：定心咒
17:14:37 [INF] [Battle]   获得 6 护体（共 25）
17:14:38 [INF] [Battle] ── 回合结束 ──
17:14:38 [INF] [Battle] 敌人行动：疯扑
17:14:38 [INF] [Battle]   受到 8 伤害（护体吸收 8，HP --0 → 8）
17:14:38 [INF] [Battle] ═══ 第 11 回合 ═══  灵力 +3 → 20
17:14:38 [INF] [Battle]   手牌 6 张
17:14:39 [INF] [Battle] 打出：快剑·劈山
17:14:39 [INF] [Battle]   对敌造成 7 伤害（护体吸收 0，HP --7 → 14）
17:14:39 [INF] [Battle] 打出：定心咒
17:14:39 [INF] [Battle]   获得 6 护体（共 23）
17:14:39 [INF] [Battle] 打出：快剑·劈山
17:14:39 [INF] [Battle]   对敌造成 7 伤害（护体吸收 0，HP --7 → 7）
17:14:40 [INF] [Battle] ── 回合结束 ──
17:14:40 [INF] [Battle] 敌人行动：撕咬
17:14:40 [INF] [Battle]   受到 5 伤害（护体吸收 5，HP --0 → 8）
17:14:40 [INF] [Battle] ═══ 第 12 回合 ═══  灵力 +3 → 20
17:14:40 [INF] [Battle]   手牌 4 张
17:14:40 [INF] [Battle] 打出：快剑·劈山
17:14:40 [INF] [Battle]   对敌造成 7 伤害（护体吸收 0，HP --7 → 0）
17:14:40 [INF] [Battle] ══ 战斗胜利 ══
17:14:40 [INF] [GameState] 战斗胜利，HP剩余 8
17:14:44 [INF] [GameMap] 地图加载完成，当前层=1

=== 游戏启动 2026-04-27T17:22:37 ===
17:22:37 [INF] [MainMenu] 主菜单加载完成
17:22:39 [INF] [GameState] 新局开始：程天锋  HP=60  地图层数=16
17:22:40 [INF] [GameMap] 地图加载完成，当前层=0

=== 游戏启动 2026-04-27T17:25:16 ===

=== 游戏启动 2026-04-27T17:28:09 ===
17:28:09 [INF] [MainMenu] 主菜单加载完成
17:28:11 [INF] [GameState] 新局开始：程天锋  HP=60  地图层数=16
17:28:12 [INF] [GameMap] 地图加载完成，当前层=0
17:28:17 [INF] [GameState] 起始节点已确认，第1层已解锁
17:28:28 [INF] [GameState] 访问节点 n1_1（类型=normal 层=1）
17:28:28 [INF] [Battle] ═══ 战斗开始 ═══
17:28:28 [INF] [Battle] 对手：疯修·残躯  HP 28
17:28:28 [INF] [Battle]   首回合灵力 +3 → 3
17:28:28 [INF] [Battle]   手牌 5 张
17:28:29 [INF] [Battle] 打出：快剑·劈山
17:28:29 [INF] [Battle]   对敌造成 7 伤害（护体吸收 0，HP --7 → 21）
17:28:29 [INF] [Battle] 打出：快剑·劈山
17:28:29 [INF] [Battle]   对敌造成 7 伤害（护体吸收 0，HP --7 → 14）
17:28:29 [INF] [Battle] 打出：快剑·劈山
17:28:29 [INF] [Battle]   对敌造成 7 伤害（护体吸收 0，HP --7 → 7）
17:28:31 [INF] [Battle] ── 回合结束 ──
17:28:31 [INF] [Battle] 敌人行动：撕咬
17:28:31 [INF] [Battle]   受到 5 伤害（护体吸收 0，HP --5 → 55）
17:28:31 [INF] [Battle] ═══ 第 2 回合 ═══  灵力 +3 → 6
17:28:31 [INF] [Battle]   手牌 3 张
17:28:31 [INF] [Battle] ── 回合结束 ──
17:28:31 [INF] [Battle] 敌人行动：疯扑
17:28:31 [INF] [Battle]   受到 8 伤害（护体吸收 0，HP --8 → 47）
17:28:31 [INF] [Battle] ═══ 第 3 回合 ═══  灵力 +3 → 9
17:28:31 [INF] [Battle]   手牌 4 张
17:28:34 [INF] [Battle] 打出：快剑·劈山
17:28:34 [INF] [Battle]   对敌造成 7 伤害（护体吸收 0，HP --7 → 0）
17:28:34 [INF] [Battle] ══ 战斗胜利 ══
17:28:34 [INF] [GameState] 战斗胜利，HP剩余 47
17:28:37 [INF] [GameMap] 地图加载完成，当前层=1
17:28:56 [INF] [GameState] 访问节点 n2_0（类型=bonfire 层=2）
17:29:01 [INF] [GameState] 访问节点 n3_0（类型=normal 层=3）
17:29:01 [INF] [Battle] ═══ 战斗开始 ═══
17:29:01 [INF] [Battle] 对手：疯修·残躯  HP 28
17:29:01 [INF] [Battle]   首回合灵力 +3 → 3
17:29:01 [INF] [Battle]   手牌 5 张
17:29:02 [INF] [Battle] 打出：快剑·劈山
17:29:02 [INF] [Battle]   对敌造成 7 伤害（护体吸收 0，HP --7 → 21）
17:29:02 [INF] [Battle] 打出：快剑·劈山
17:29:02 [INF] [Battle]   对敌造成 7 伤害（护体吸收 0，HP --7 → 14）
17:29:02 [INF] [Battle] 打出：快剑·劈山
17:29:02 [INF] [Battle]   对敌造成 7 伤害（护体吸收 0，HP --7 → 7）

=== 游戏启动 2026-04-27T17:48:00 ===
17:48:00 [INF] [MainMenu] 主菜单加载完成

=== 游戏启动 2026-04-28T14:10:54 ===

=== 游戏启动 2026-04-28T14:43:35 ===

=== 游戏启动 2026-04-28T14:44:23 ===

=== 游戏启动 2026-04-28T14:45:15 ===

=== 游戏启动 2026-04-28T14:45:48 ===

=== 游戏启动 2026-04-28T14:46:31 ===

=== 游戏启动 2026-04-28T14:57:33 ===

=== 游戏启动 2026-04-28T14:58:53 ===

=== 游戏启动 2026-04-28T15:00:25 ===

=== 游戏启动 2026-04-28T15:02:21 ===

=== 游戏启动 2026-04-28T15:03:00 ===

=== 游戏启动 2026-04-28T15:04:43 ===

=== 游戏启动 2026-04-28T15:05:33 ===

=== 游戏启动 2026-04-28T15:05:45 ===

=== 游戏启动 2026-04-28T15:12:07 ===

=== 游戏启动 2026-04-28T15:21:59 ===

=== 游戏启动 2026-04-28T15:23:20 ===

=== 游戏启动 2026-04-28T15:25:33 ===
15:25:33 [INF] [MainMenu] 主菜单加载完成
15:25:35 [INF] [GameState] 新局开始：程天锋  HP=60  地图层数=16
15:25:37 [INF] [GameMap] 地图加载完成，当前层=0
15:25:39 [INF] [GameState] 起始节点已确认，第1层已解锁
15:25:41 [INF] [GameState] 访问节点 n1_1（类型=normal 层=1）
15:25:41 [INF] [Battle] ═══ 战斗开始 ═══
15:25:41 [INF] [Battle] 对手：腐化咒师  HP 38
15:25:41 [INF] [Battle]   首回合灵力 +3 → 3
15:25:41 [INF] [Battle]   ── 牌库归零，洗牌重置 ──
15:25:41 [INF] [Battle]   牌库已耗尽
15:25:41 [INF] [Battle]   手牌 0 张

=== 游戏启动 2026-04-28T15:36:47 ===
15:36:47 [INF] [CardDatabase] 加载完毕，共 38 张卡牌

=== 游戏启动 2026-04-28T16:32:45 ===
16:32:46 [INF] [CardDatabase] 加载完毕，共 38 张卡牌
16:32:46 [INF] [MainMenu] 主菜单加载完成
16:32:49 [INF] [GameState] 新局开始：程天锋  HP=60  地图层数=16
16:32:50 [INF] [GameMap] 地图加载完成，当前层=0
16:32:51 [INF] [GameState] 起始节点已确认，第1层已解锁
16:32:52 [INF] [GameState] 访问节点 n1_1（类型=normal 层=1）
16:32:52 [INF] [Battle] ═══ 战斗开始 ═══
16:32:52 [INF] [Battle] 对手：匿影死士  HP 40
16:32:52 [INF] [Battle]   首回合灵力 +3 → 3
16:32:52 [INF] [Battle]   手牌 5 张

=== 游戏启动 2026-04-28T16:38:28 ===
16:38:28 [INF] [CardDatabase] 加载完毕，共 38 张卡牌

=== 游戏启动 2026-04-28T16:40:43 ===
16:40:43 [INF] [CardDatabase] 加载完毕，共 38 张卡牌
16:40:43 [INF] [MainMenu] 主菜单加载完成
16:40:44 [INF] [GameState] 新局开始：程天锋  HP=60  地图层数=16
16:40:46 [INF] [GameMap] 地图加载完成，当前层=0
16:40:47 [INF] [GameState] 起始节点已确认，第1层已解锁
16:40:48 [INF] [GameState] 访问节点 n1_1（类型=normal 层=1）
16:40:48 [INF] [Battle] ═══ 战斗开始 ═══
16:40:48 [INF] [Battle] 对手：腐化咒师  HP 38
16:40:48 [INF] [Battle]   首回合灵力 +3 → 3
16:40:48 [INF] [Battle]   手牌 5 张

=== 游戏启动 2026-04-28T16:49:58 ===
16:49:58 [INF] [CardDatabase] 加载完毕，共 38 张卡牌

=== 游戏启动 2026-04-28T16:54:19 ===
16:54:19 [INF] [CardDatabase] 加载完毕，共 38 张卡牌
16:54:19 [INF] [MainMenu] 主菜单加载完成
16:54:21 [INF] [GameState] 新局开始：程天锋  HP=60  地图层数=16
16:54:21 [INF] [GameMap] 地图加载完成，当前层=0
16:54:23 [INF] [GameState] 起始节点已确认，第1层已解锁
16:54:23 [INF] [GameState] 访问节点 n1_1（类型=normal 层=1）
16:54:23 [INF] [Battle] ═══ 战斗开始 ═══
16:54:23 [INF] [Battle] 对手：血灵狂徒  HP 45
16:54:23 [INF] [Battle]   首回合灵力 +3 → 3
16:54:23 [INF] [Battle]   手牌 5 张

=== 游戏启动 2026-04-28T16:54:48 ===
16:54:48 [INF] [CardDatabase] 加载完毕，共 38 张卡牌
16:54:48 [INF] [MainMenu] 主菜单加载完成
16:54:50 [INF] [GameState] 新局开始：程天锋  HP=60  地图层数=16
16:54:50 [INF] [GameMap] 地图加载完成，当前层=0
16:54:56 [INF] [GameState] 起始节点已确认，第1层已解锁
16:54:57 [INF] [GameState] 访问节点 n1_0（类型=normal 层=1）
16:54:57 [INF] [Battle] ═══ 战斗开始 ═══
16:54:57 [INF] [Battle] 对手：吞噬蚰蜒  HP 50
16:54:57 [INF] [Battle]   首回合灵力 +3 → 3
16:54:57 [INF] [Battle]   手牌 5 张
16:55:02 [INF] [Battle] 打出：剑气护体
16:55:02 [INF] [Battle]   获得 6 护体（共 6）
16:55:03 [INF] [Battle] 打出：剑气护体
16:55:03 [INF] [Battle]   获得 6 护体（共 12）
16:55:04 [INF] [Battle] 打出：剑气护体
16:55:04 [INF] [Battle]   获得 6 护体（共 18）

=== 游戏启动 2026-04-28T17:09:43 ===
17:09:43 [INF] [CardDatabase] 加载完毕，共 38 张卡牌

=== 游戏启动 2026-04-28T17:13:51 ===
17:13:51 [INF] [CardDatabase] 加载完毕，共 38 张卡牌
17:13:51 [INF] [MainMenu] 主菜单加载完成
17:13:54 [INF] [GameState] 新局开始：程天锋  HP=60  地图层数=16
17:13:54 [INF] [GameMap] 地图加载完成，当前层=0
17:13:56 [INF] [GameState] 起始节点已确认，第1层已解锁
17:13:57 [INF] [GameState] 访问节点 n1_1（类型=normal 层=1）
17:13:57 [INF] [Battle] ═══ 战斗开始 ═══
17:13:57 [INF] [Battle] 对手：匿影死士  HP 40
17:13:57 [INF] [Battle]   首回合灵力 +3 → 3
17:13:57 [INF] [Battle]   手牌 5 张
17:14:12 [INF] [Battle] 打出：点星剑法
17:14:12 [INF] [Battle]   对敌造成 11 伤害（护体吸收 0，HP --11 → 29）
17:14:12 [INF] [Battle]   手牌 5 张
17:14:17 [INF] [Battle] 打出：剑气护体
17:14:17 [INF] [Battle]   获得 6 护体（共 6）

=== 游戏启动 2026-04-29T10:40:35 ===
10:40:35 [INF] [CardDatabase] 加载完毕，共 38 张卡牌
10:40:35 [INF] [MainMenu] 主菜单加载完成
10:40:37 [INF] [GameState] 新局开始：程天锋  HP=60  地图层数=16
10:40:37 [INF] [GameMap] 地图加载完成，当前层=0
10:40:42 [INF] [GameState] 起始节点已确认，第1层已解锁
10:40:42 [INF] [GameState] 访问节点 n1_0（类型=normal 层=1）
10:40:42 [INF] [Battle] ═══ 战斗开始 ═══
10:40:42 [INF] [Battle] 对手：腐化咒师  HP 38
10:40:42 [INF] [Battle]   首回合灵力 +3 → 3
10:40:42 [INF] [Battle]   手牌 5 张
